{"/app/src/App.tsx": {"path":"/app/src/App.tsx","statementMap":{"0":{"start":{"line":1,"column":0},"end":{"line":1,"column":49}},"1":{"start":{"line":2,"column":0},"end":{"line":2,"column":53}},"2":{"start":{"line":3,"column":0},"end":{"line":3,"column":59}},"3":{"start":{"line":4,"column":0},"end":{"line":4,"column":55}},"4":{"start":{"line":5,"column":0},"end":{"line":5,"column":69}},"5":{"start":{"line":6,"column":0},"end":{"line":6,"column":61}},"6":{"start":{"line":7,"column":0},"end":{"line":7,"column":60}},"7":{"start":{"line":8,"column":0},"end":{"line":8,"column":46}},"8":{"start":{"line":9,"column":0},"end":{"line":9,"column":52}},"9":{"start":{"line":10,"column":0},"end":{"line":10,"column":63}},"10":{"start":{"line":11,"column":0},"end":{"line":11,"column":78}},"11":{"start":{"line":14,"column":22},"end":{"line":183,"column":1}},"12":{"start":{"line":29,"column":6},"end":{"line":29,"column":24}},"13":{"start":{"line":41,"column":6},"end":{"line":41,"column":47}},"14":{"start":{"line":49,"column":6},"end":{"line":49,"column":57}},"15":{"start":{"line":49,"column":29},"end":{"line":49,"column":56}},"16":{"start":{"line":51,"column":44},"end":{"line":51,"column":77}},"17":{"start":{"line":52,"column":30},"end":{"line":52,"column":45}},"18":{"start":{"line":53,"column":42},"end":{"line":53,"column":57}},"19":{"start":{"line":54,"column":46},"end":{"line":54,"column":61}},"20":{"start":{"line":56,"column":25},"end":{"line":65,"column":15}},"21":{"start":{"line":57,"column":4},"end":{"line":57,"column":30}},"22":{"start":{"line":57,"column":18},"end":{"line":57,"column":30}},"23":{"start":{"line":58,"column":4},"end":{"line":64,"column":5}},"24":{"start":{"line":59,"column":20},"end":{"line":59,"column":56}},"25":{"start":{"line":60,"column":6},"end":{"line":60,"column":35}},"26":{"start":{"line":62,"column":6},"end":{"line":62,"column":58}},"27":{"start":{"line":63,"column":6},"end":{"line":63,"column":18}},"28":{"start":{"line":67,"column":27},"end":{"line":74,"column":3}},"29":{"start":{"line":68,"column":4},"end":{"line":73,"column":5}},"30":{"start":{"line":69,"column":6},"end":{"line":69,"column":30}},"31":{"start":{"line":70,"column":6},"end":{"line":70,"column":61}},"32":{"start":{"line":70,"column":35},"end":{"line":70,"column":59}},"33":{"start":{"line":71,"column":6},"end":{"line":71,"column":33}},"34":{"start":{"line":72,"column":6},"end":{"line":72,"column":31}},"35":{"start":{"line":76,"column":24},"end":{"line":92,"column":3}},"36":{"start":{"line":77,"column":4},"end":{"line":89,"column":5}},"37":{"start":{"line":78,"column":18},"end":{"line":78,"column":72}},"38":{"start":{"line":79,"column":6},"end":{"line":84,"column":7}},"39":{"start":{"line":80,"column":24},"end":{"line":80,"column":55}},"40":{"start":{"line":81,"column":8},"end":{"line":83,"column":9}},"41":{"start":{"line":82,"column":10},"end":{"line":82,"column":62}},"42":{"start":{"line":85,"column":11},"end":{"line":89,"column":5}},"43":{"start":{"line":86,"column":6},"end":{"line":86,"column":68}},"44":{"start":{"line":87,"column":11},"end":{"line":89,"column":5}},"45":{"start":{"line":88,"column":6},"end":{"line":88,"column":58}},"46":{"start":{"line":90,"column":4},"end":{"line":90,"column":20}},"47":{"start":{"line":91,"column":4},"end":{"line":91,"column":45}},"48":{"start":{"line":91,"column":21},"end":{"line":91,"column":37}},"49":{"start":{"line":94,"column":21},"end":{"line":101,"column":3}},"50":{"start":{"line":95,"column":4},"end":{"line":100,"column":5}},"51":{"start":{"line":96,"column":25},"end":{"line":96,"column":73}},"52":{"start":{"line":97,"column":6},"end":{"line":97,"column":44}},"53":{"start":{"line":98,"column":6},"end":{"line":98,"column":28}},"54":{"start":{"line":99,"column":6},"end":{"line":99,"column":53}},"55":{"start":{"line":99,"column":23},"end":{"line":99,"column":45}},"56":{"start":{"line":103,"column":27},"end":{"line":106,"column":3}},"57":{"start":{"line":104,"column":4},"end":{"line":104,"column":30}},"58":{"start":{"line":105,"column":4},"end":{"line":105,"column":34}},"59":{"start":{"line":109,"column":2},"end":{"line":119,"column":3}},"60":{"start":{"line":110,"column":4},"end":{"line":118,"column":6}},"61":{"start":{"line":122,"column":2},"end":{"line":182,"column":4}},"62":{"start":{"line":185,"column":0},"end":{"line":185,"column":19}}},"fnMap":{"0":{"name":"(anonymous_0)","decl":{"start":{"line":14,"column":22},"end":{"line":14,"column":25}},"loc":{"start":{"line":14,"column":27},"end":{"line":183,"column":1}}},"1":{"name":"(anonymous_1)","decl":{"start":{"line":49,"column":19},"end":{"line":49,"column":20}},"loc":{"start":{"line":49,"column":29},"end":{"line":49,"column":56}}},"2":{"name":"(anonymous_2)","decl":{"start":{"line":56,"column":33},"end":{"line":56,"column":36}},"loc":{"start":{"line":56,"column":38},"end":{"line":65,"column":3}}},"3":{"name":"(anonymous_3)","decl":{"start":{"line":67,"column":27},"end":{"line":67,"column":32}},"loc":{"start":{"line":67,"column":38},"end":{"line":74,"column":3}}},"4":{"name":"(anonymous_4)","decl":{"start":{"line":70,"column":24},"end":{"line":70,"column":31}},"loc":{"start":{"line":70,"column":35},"end":{"line":70,"column":59}}},"5":{"name":"(anonymous_5)","decl":{"start":{"line":76,"column":24},"end":{"line":76,"column":29}},"loc":{"start":{"line":76,"column":35},"end":{"line":92,"column":3}}},"6":{"name":"(anonymous_6)","decl":{"start":{"line":91,"column":15},"end":{"line":91,"column":18}},"loc":{"start":{"line":91,"column":21},"end":{"line":91,"column":37}}},"7":{"name":"(anonymous_7)","decl":{"start":{"line":94,"column":21},"end":{"line":94,"column":26}},"loc":{"start":{"line":94,"column":32},"end":{"line":101,"column":3}}},"8":{"name":"(anonymous_8)","decl":{"start":{"line":99,"column":17},"end":{"line":99,"column":20}},"loc":{"start":{"line":99,"column":23},"end":{"line":99,"column":45}}},"9":{"name":"(anonymous_9)","decl":{"start":{"line":103,"column":27},"end":{"line":103,"column":30}},"loc":{"start":{"line":103,"column":32},"end":{"line":106,"column":3}}}},"branchMap":{"0":{"loc":{"start":{"line":57,"column":4},"end":{"line":57,"column":30}},"type":"if","locations":[{"start":{"line":57,"column":4},"end":{"line":57,"column":30}}]},"1":{"loc":{"start":{"line":68,"column":4},"end":{"line":73,"column":5}},"type":"if","locations":[{"start":{"line":68,"column":4},"end":{"line":73,"column":5}}]},"2":{"loc":{"start":{"line":77,"column":4},"end":{"line":89,"column":5}},"type":"if","locations":[{"start":{"line":77,"column":4},"end":{"line":89,"column":5}},{"start":{"line":85,"column":11},"end":{"line":89,"column":5}}]},"3":{"loc":{"start":{"line":77,"column":8},"end":{"line":77,"column":48}},"type":"binary-expr","locations":[{"start":{"line":77,"column":8},"end":{"line":77,"column":30}},{"start":{"line":77,"column":34},"end":{"line":77,"column":48}}]},"4":{"loc":{"start":{"line":79,"column":6},"end":{"line":84,"column":7}},"type":"if","locations":[{"start":{"line":79,"column":6},"end":{"line":84,"column":7}}]},"5":{"loc":{"start":{"line":81,"column":8},"end":{"line":83,"column":9}},"type":"if","locations":[{"start":{"line":81,"column":8},"end":{"line":83,"column":9}}]},"6":{"loc":{"start":{"line":81,"column":12},"end":{"line":81,"column":38}},"type":"binary-expr","locations":[{"start":{"line":81,"column":12},"end":{"line":81,"column":20}},{"start":{"line":81,"column":24},"end":{"line":81,"column":38}}]},"7":{"loc":{"start":{"line":85,"column":11},"end":{"line":89,"column":5}},"type":"if","locations":[{"start":{"line":85,"column":11},"end":{"line":89,"column":5}},{"start":{"line":87,"column":11},"end":{"line":89,"column":5}}]},"8":{"loc":{"start":{"line":85,"column":15},"end":{"line":85,"column":58}},"type":"binary-expr","locations":[{"start":{"line":85,"column":15},"end":{"line":85,"column":40}},{"start":{"line":85,"column":44},"end":{"line":85,"column":58}}]},"9":{"loc":{"start":{"line":87,"column":11},"end":{"line":89,"column":5}},"type":"if","locations":[{"start":{"line":87,"column":11},"end":{"line":89,"column":5}}]},"10":{"loc":{"start":{"line":95,"column":4},"end":{"line":100,"column":5}},"type":"if","locations":[{"start":{"line":95,"column":4},"end":{"line":100,"column":5}}]},"11":{"loc":{"start":{"line":109,"column":2},"end":{"line":119,"column":3}},"type":"if","locations":[{"start":{"line":109,"column":2},"end":{"line":119,"column":3}}]},"12":{"loc":{"start":{"line":144,"column":9},"end":{"line":156,"column":null}},"type":"binary-expr","locations":[{"start":{"line":144,"column":9},"end":{"line":144,"column":24}},{"start":{"line":145,"column":10},"end":{"line":155,"column":null}}]},"13":{"loc":{"start":{"line":159,"column":9},"end":{"line":174,"column":null}},"type":"binary-expr","locations":[{"start":{"line":159,"column":9},"end":{"line":159,"column":16}},{"start":{"line":159,"column":20},"end":{"line":159,"column":40}},{"start":{"line":160,"column":10},"end":{"line":173,"column":null}}]},"14":{"loc":{"start":{"line":177,"column":9},"end":{"line":178,"column":null}},"type":"binary-expr","locations":[{"start":{"line":177,"column":9},"end":{"line":177,"column":20}},{"start":{"line":178,"column":10},"end":{"line":178,"column":70}}]}},"s":{"0":0,"1":0,"2":0,"3":0,"4":0,"5":0,"6":0,"7":0,"8":0,"9":0,"10":0,"11":0,"12":0,"13":0,"14":0,"15":0,"16":0,"17":0,"18":0,"19":0,"20":0,"21":0,"22":0,"23":0,"24":0,"25":0,"26":0,"27":0,"28":0,"29":0,"30":0,"31":0,"32":0,"33":0,"34":0,"35":0,"36":0,"37":0,"38":0,"39":0,"40":0,"41":0,"42":0,"43":0,"44":0,"45":0,"46":0,"47":0,"48":0,"49":0,"50":0,"51":0,"52":0,"53":0,"54":0,"55":0,"56":0,"57":0,"58":0,"59":0,"60":0,"61":0,"62":0},"f":{"0":0,"1":0,"2":0,"3":0,"4":0,"5":0,"6":0,"7":0,"8":0,"9":0},"b":{"0":[0],"1":[0],"2":[0,0],"3":[0,0],"4":[0],"5":[0],"6":[0,0],"7":[0,0],"8":[0,0],"9":[0],"10":[0],"11":[0],"12":[0,0],"13":[0,0,0],"14":[0,0]}}
,"/app/src/components/EncryptDecryptCard.tsx": {"path":"/app/src/components/EncryptDecryptCard.tsx","statementMap":{"0":{"start":{"line":2,"column":0},"end":{"line":2,"column":70}},"1":{"start":{"line":20,"column":69},"end":{"line":227,"column":1}},"2":{"start":{"line":35,"column":2},"end":{"line":226,"column":4}},"3":{"start":{"line":64,"column":29},"end":{"line":64,"column":66}},"4":{"start":{"line":92,"column":16},"end":{"line":92,"column":66}},"5":{"start":{"line":93,"column":16},"end":{"line":93,"column":62}},"6":{"start":{"line":96,"column":16},"end":{"line":96,"column":64}},"7":{"start":{"line":97,"column":16},"end":{"line":97,"column":62}},"8":{"start":{"line":118,"column":27},"end":{"line":118,"column":53}},"9":{"start":{"line":20,"column":13},"end":{"line":20,"column":69}}},"fnMap":{"0":{"name":"(anonymous_0)","decl":{"start":{"line":20,"column":69},"end":{"line":20,"column":70}},"loc":{"start":{"line":34,"column":5},"end":{"line":227,"column":1}}},"1":{"name":"(anonymous_1)","decl":{"start":{"line":64,"column":22},"end":{"line":64,"column":23}},"loc":{"start":{"line":64,"column":29},"end":{"line":64,"column":66}}},"2":{"name":"(anonymous_2)","decl":{"start":{"line":91,"column":27},"end":{"line":91,"column":28}},"loc":{"start":{"line":91,"column":33},"end":{"line":94,"column":15}}},"3":{"name":"(anonymous_3)","decl":{"start":{"line":95,"column":26},"end":{"line":95,"column":27}},"loc":{"start":{"line":95,"column":32},"end":{"line":98,"column":15}}},"4":{"name":"(anonymous_4)","decl":{"start":{"line":118,"column":20},"end":{"line":118,"column":21}},"loc":{"start":{"line":118,"column":27},"end":{"line":118,"column":53}}}},"branchMap":{"0":{"loc":{"start":{"line":76,"column":11},"end":{"line":101,"column":null}},"type":"binary-expr","locations":[{"start":{"line":76,"column":11},"end":{"line":76,"column":20}},{"start":{"line":77,"column":12},"end":{"line":100,"column":null}}]},"1":{"loc":{"start":{"line":138,"column":20},"end":{"line":138,"column":48}},"type":"binary-expr","locations":[{"start":{"line":138,"column":20},"end":{"line":138,"column":32}},{"start":{"line":138,"column":36},"end":{"line":138,"column":48}}]},"2":{"loc":{"start":{"line":142,"column":29},"end":{"line":142,"column":78}},"type":"cond-expr","locations":[{"start":{"line":142,"column":60},"end":{"line":142,"column":66}},{"start":{"line":142,"column":69},"end":{"line":142,"column":78}}]},"3":{"loc":{"start":{"line":142,"column":29},"end":{"line":142,"column":57}},"type":"binary-expr","locations":[{"start":{"line":142,"column":29},"end":{"line":142,"column":41}},{"start":{"line":142,"column":45},"end":{"line":142,"column":57}}]},"4":{"loc":{"start":{"line":148,"column":20},"end":{"line":148,"column":76}},"type":"cond-expr","locations":[{"start":{"line":148,"column":51},"end":{"line":148,"column":64}},{"start":{"line":148,"column":67},"end":{"line":148,"column":76}}]},"5":{"loc":{"start":{"line":148,"column":20},"end":{"line":148,"column":48}},"type":"binary-expr","locations":[{"start":{"line":148,"column":20},"end":{"line":148,"column":32}},{"start":{"line":148,"column":36},"end":{"line":148,"column":48}}]},"6":{"loc":{"start":{"line":152,"column":11},"end":{"line":152,"column":53}},"type":"cond-expr","locations":[{"start":{"line":152,"column":26},"end":{"line":152,"column":41}},{"start":{"line":152,"column":44},"end":{"line":152,"column":53}}]},"7":{"loc":{"start":{"line":156,"column":20},"end":{"line":156,"column":48}},"type":"binary-expr","locations":[{"start":{"line":156,"column":20},"end":{"line":156,"column":32}},{"start":{"line":156,"column":36},"end":{"line":156,"column":48}}]},"8":{"loc":{"start":{"line":160,"column":29},"end":{"line":160,"column":78}},"type":"cond-expr","locations":[{"start":{"line":160,"column":60},"end":{"line":160,"column":66}},{"start":{"line":160,"column":69},"end":{"line":160,"column":78}}]},"9":{"loc":{"start":{"line":160,"column":29},"end":{"line":160,"column":57}},"type":"binary-expr","locations":[{"start":{"line":160,"column":29},"end":{"line":160,"column":41}},{"start":{"line":160,"column":45},"end":{"line":160,"column":57}}]},"10":{"loc":{"start":{"line":166,"column":20},"end":{"line":166,"column":76}},"type":"cond-expr","locations":[{"start":{"line":166,"column":51},"end":{"line":166,"column":64}},{"start":{"line":166,"column":67},"end":{"line":166,"column":76}}]},"11":{"loc":{"start":{"line":166,"column":20},"end":{"line":166,"column":48}},"type":"binary-expr","locations":[{"start":{"line":166,"column":20},"end":{"line":166,"column":32}},{"start":{"line":166,"column":36},"end":{"line":166,"column":48}}]},"12":{"loc":{"start":{"line":170,"column":11},"end":{"line":170,"column":53}},"type":"cond-expr","locations":[{"start":{"line":170,"column":26},"end":{"line":170,"column":41}},{"start":{"line":170,"column":44},"end":{"line":170,"column":53}}]},"13":{"loc":{"start":{"line":174,"column":7},"end":{"line":223,"column":null}},"type":"binary-expr","locations":[{"start":{"line":174,"column":7},"end":{"line":174,"column":13}},{"start":{"line":175,"column":8},"end":{"line":222,"column":null}}]},"14":{"loc":{"start":{"line":198,"column":15},"end":{"line":219,"column":null}},"type":"binary-expr","locations":[{"start":{"line":198,"column":15},"end":{"line":198,"column":41}},{"start":{"line":198,"column":45},"end":{"line":198,"column":71}},{"start":{"line":199,"column":16},"end":{"line":218,"column":null}}]},"15":{"loc":{"start":{"line":217,"column":19},"end":{"line":217,"column":82}},"type":"cond-expr","locations":[{"start":{"line":217,"column":34},"end":{"line":217,"column":57}},{"start":{"line":217,"column":60},"end":{"line":217,"column":82}}]},"16":{"loc":{"start":{"line":218,"column":19},"end":{"line":218,"column":52}},"type":"cond-expr","locations":[{"start":{"line":218,"column":34},"end":{"line":218,"column":43}},{"start":{"line":218,"column":46},"end":{"line":218,"column":52}}]}},"s":{"0":0,"1":0,"2":0,"3":0,"4":0,"5":0,"6":0,"7":0,"8":0,"9":0},"f":{"0":0,"1":0,"2":0,"3":0,"4":0},"b":{"0":[0,0],"1":[0,0],"2":[0,0],"3":[0,0],"4":[0,0],"5":[0,0],"6":[0,0],"7":[0,0],"8":[0,0],"9":[0,0],"10":[0,0],"11":[0,0],"12":[0,0],"13":[0,0],"14":[0,0,0],"15":[0,0],"16":[0,0]}}
,"/app/src/components/KeysDisplay.tsx": {"path":"/app/src/components/KeysDisplay.tsx","statementMap":{"0":{"start":{"line":2,"column":0},"end":{"line":2,"column":71}},"1":{"start":{"line":3,"column":0},"end":{"line":3,"column":41}},"2":{"start":{"line":19,"column":55},"end":{"line":159,"column":1}},"3":{"start":{"line":31,"column":23},"end":{"line":35,"column":3}},"4":{"start":{"line":32,"column":37},"end":{"line":32,"column":62}},"5":{"start":{"line":33,"column":25},"end":{"line":33,"column":55}},"6":{"start":{"line":34,"column":4},"end":{"line":34,"column":54}},"7":{"start":{"line":37,"column":2},"end":{"line":158,"column":4}},"8":{"start":{"line":19,"column":13},"end":{"line":19,"column":55}}},"fnMap":{"0":{"name":"(anonymous_0)","decl":{"start":{"line":19,"column":55},"end":{"line":19,"column":56}},"loc":{"start":{"line":30,"column":5},"end":{"line":159,"column":1}}},"1":{"name":"(anonymous_1)","decl":{"start":{"line":31,"column":23},"end":{"line":31,"column":26}},"loc":{"start":{"line":31,"column":28},"end":{"line":35,"column":3}}}},"branchMap":{"0":{"loc":{"start":{"line":66,"column":20},"end":{"line":66,"column":62}},"type":"cond-expr","locations":[{"start":{"line":66,"column":37},"end":{"line":66,"column":50}},{"start":{"line":66,"column":53},"end":{"line":66,"column":62}}]},"1":{"loc":{"start":{"line":71,"column":21},"end":{"line":71,"column":45}},"type":"cond-expr","locations":[{"start":{"line":71,"column":38},"end":{"line":71,"column":41}},{"start":{"line":71,"column":44},"end":{"line":71,"column":45}}]},"2":{"loc":{"start":{"line":76,"column":11},"end":{"line":76,"column":60}},"type":"cond-expr","locations":[{"start":{"line":76,"column":28},"end":{"line":76,"column":45}},{"start":{"line":76,"column":48},"end":{"line":76,"column":60}}]},"3":{"loc":{"start":{"line":90,"column":9},"end":{"line":94,"column":null}},"type":"binary-expr","locations":[{"start":{"line":90,"column":9},"end":{"line":90,"column":15}},{"start":{"line":91,"column":10},"end":{"line":93,"column":null}}]},"4":{"loc":{"start":{"line":96,"column":51},"end":{"line":96,"column":89}},"type":"binary-expr","locations":[{"start":{"line":96,"column":51},"end":{"line":96,"column":70}},{"start":{"line":96,"column":74},"end":{"line":96,"column":89}}]},"5":{"loc":{"start":{"line":112,"column":15},"end":{"line":112,"column":97}},"type":"cond-expr","locations":[{"start":{"line":112,"column":44},"end":{"line":112,"column":52}},{"start":{"line":112,"column":55},"end":{"line":112,"column":97}}]},"6":{"loc":{"start":{"line":112,"column":55},"end":{"line":112,"column":97}},"type":"cond-expr","locations":[{"start":{"line":112,"column":83},"end":{"line":112,"column":90}},{"start":{"line":112,"column":93},"end":{"line":112,"column":97}}]},"7":{"loc":{"start":{"line":128,"column":15},"end":{"line":128,"column":72}},"type":"cond-expr","locations":[{"start":{"line":128,"column":24},"end":{"line":128,"column":47}},{"start":{"line":128,"column":50},"end":{"line":128,"column":72}}]},"8":{"loc":{"start":{"line":129,"column":15},"end":{"line":129,"column":42}},"type":"cond-expr","locations":[{"start":{"line":129,"column":24},"end":{"line":129,"column":33}},{"start":{"line":129,"column":36},"end":{"line":129,"column":42}}]},"9":{"loc":{"start":{"line":133,"column":9},"end":{"line":154,"column":null}},"type":"cond-expr","locations":[{"start":{"line":134,"column":10},"end":{"line":135,"column":null}},{"start":{"line":137,"column":12},"end":{"line":154,"column":null}}]},"10":{"loc":{"start":{"line":133,"column":9},"end":{"line":133,"column":52}},"type":"binary-expr","locations":[{"start":{"line":133,"column":9},"end":{"line":133,"column":34}},{"start":{"line":133,"column":38},"end":{"line":133,"column":52}}]},"11":{"loc":{"start":{"line":137,"column":12},"end":{"line":154,"column":null}},"type":"cond-expr","locations":[{"start":{"line":138,"column":10},"end":{"line":151,"column":null}},{"start":{"line":154,"column":10},"end":{"line":154,"column":54}}]},"12":{"loc":{"start":{"line":137,"column":12},"end":{"line":137,"column":52}},"type":"binary-expr","locations":[{"start":{"line":137,"column":12},"end":{"line":137,"column":34}},{"start":{"line":137,"column":38},"end":{"line":137,"column":52}}]},"13":{"loc":{"start":{"line":154,"column":10},"end":{"line":154,"column":54}},"type":"binary-expr","locations":[{"start":{"line":154,"column":10},"end":{"line":154,"column":35}},{"start":{"line":154,"column":39},"end":{"line":154,"column":54}}]}},"s":{"0":0,"1":0,"2":0,"3":0,"4":0,"5":0,"6":0,"7":0,"8":0},"f":{"0":0,"1":0},"b":{"0":[0,0],"1":[0,0],"2":[0,0],"3":[0,0],"4":[0,0],"5":[0,0],"6":[0,0],"7":[0,0],"8":[0,0],"9":[0,0],"10":[0,0],"11":[0,0],"12":[0,0],"13":[0,0]}}
,"/app/src/components/LockScreen.tsx": {"path":"/app/src/components/LockScreen.tsx","statementMap":{"0":{"start":{"line":11,"column":53},"end":{"line":159,"column":1}},"1":{"start":{"line":18,"column":23},"end":{"line":24,"column":3}},"2":{"start":{"line":19,"column":4},"end":{"line":22,"column":5}},"3":{"start":{"line":20,"column":6},"end":{"line":20,"column":62}},"4":{"start":{"line":21,"column":6},"end":{"line":21,"column":13}},"5":{"start":{"line":23,"column":4},"end":{"line":23,"column":15}},"6":{"start":{"line":26,"column":27},"end":{"line":30,"column":3}},"7":{"start":{"line":27,"column":4},"end":{"line":29,"column":5}},"8":{"start":{"line":28,"column":6},"end":{"line":28,"column":21}},"9":{"start":{"line":32,"column":2},"end":{"line":158,"column":4}},"10":{"start":{"line":69,"column":27},"end":{"line":69,"column":55}},"11":{"start":{"line":70,"column":29},"end":{"line":70,"column":64}},"12":{"start":{"line":130,"column":34},"end":{"line":130,"column":73}},"13":{"start":{"line":131,"column":33},"end":{"line":131,"column":69}},"14":{"start":{"line":11,"column":13},"end":{"line":11,"column":53}}},"fnMap":{"0":{"name":"(anonymous_0)","decl":{"start":{"line":11,"column":53},"end":{"line":11,"column":54}},"loc":{"start":{"line":17,"column":5},"end":{"line":159,"column":1}}},"1":{"name":"(anonymous_1)","decl":{"start":{"line":18,"column":23},"end":{"line":18,"column":26}},"loc":{"start":{"line":18,"column":28},"end":{"line":24,"column":3}}},"2":{"name":"(anonymous_2)","decl":{"start":{"line":26,"column":27},"end":{"line":26,"column":30}},"loc":{"start":{"line":26,"column":32},"end":{"line":30,"column":3}}},"3":{"name":"(anonymous_3)","decl":{"start":{"line":69,"column":20},"end":{"line":69,"column":21}},"loc":{"start":{"line":69,"column":27},"end":{"line":69,"column":55}}},"4":{"name":"(anonymous_4)","decl":{"start":{"line":70,"column":22},"end":{"line":70,"column":23}},"loc":{"start":{"line":70,"column":29},"end":{"line":70,"column":64}}},"5":{"name":"(anonymous_5)","decl":{"start":{"line":130,"column":27},"end":{"line":130,"column":28}},"loc":{"start":{"line":130,"column":34},"end":{"line":130,"column":73}}},"6":{"name":"(anonymous_6)","decl":{"start":{"line":131,"column":26},"end":{"line":131,"column":27}},"loc":{"start":{"line":131,"column":33},"end":{"line":131,"column":69}}}},"branchMap":{"0":{"loc":{"start":{"line":19,"column":4},"end":{"line":22,"column":5}},"type":"if","locations":[{"start":{"line":19,"column":4},"end":{"line":22,"column":5}}]},"1":{"loc":{"start":{"line":27,"column":4},"end":{"line":29,"column":5}},"type":"if","locations":[{"start":{"line":27,"column":4},"end":{"line":29,"column":5}}]},"2":{"loc":{"start":{"line":70,"column":29},"end":{"line":70,"column":64}},"type":"binary-expr","locations":[{"start":{"line":70,"column":29},"end":{"line":70,"column":46}},{"start":{"line":70,"column":50},"end":{"line":70,"column":64}}]},"3":{"loc":{"start":{"line":87,"column":20},"end":{"line":87,"column":55}},"type":"binary-expr","locations":[{"start":{"line":87,"column":20},"end":{"line":87,"column":30}},{"start":{"line":87,"column":34},"end":{"line":87,"column":55}}]},"4":{"loc":{"start":{"line":91,"column":29},"end":{"line":91,"column":85}},"type":"cond-expr","locations":[{"start":{"line":91,"column":67},"end":{"line":91,"column":76}},{"start":{"line":91,"column":79},"end":{"line":91,"column":85}}]},"5":{"loc":{"start":{"line":91,"column":29},"end":{"line":91,"column":64}},"type":"binary-expr","locations":[{"start":{"line":91,"column":29},"end":{"line":91,"column":38}},{"start":{"line":91,"column":42},"end":{"line":91,"column":64}}]},"6":{"loc":{"start":{"line":97,"column":20},"end":{"line":97,"column":83}},"type":"cond-expr","locations":[{"start":{"line":97,"column":58},"end":{"line":97,"column":67}},{"start":{"line":97,"column":70},"end":{"line":97,"column":83}}]},"7":{"loc":{"start":{"line":97,"column":20},"end":{"line":97,"column":55}},"type":"binary-expr","locations":[{"start":{"line":97,"column":20},"end":{"line":97,"column":29}},{"start":{"line":97,"column":33},"end":{"line":97,"column":55}}]},"8":{"loc":{"start":{"line":104,"column":9},"end":{"line":135,"column":null}},"type":"binary-expr","locations":[{"start":{"line":104,"column":9},"end":{"line":104,"column":28}},{"start":{"line":105,"column":10},"end":{"line":134,"column":null}}]},"9":{"loc":{"start":{"line":138,"column":9},"end":{"line":154,"column":null}},"type":"binary-expr","locations":[{"start":{"line":138,"column":9},"end":{"line":138,"column":29}},{"start":{"line":139,"column":10},"end":{"line":153,"column":null}}]},"10":{"loc":{"start":{"line":145,"column":13},"end":{"line":152,"column":null}},"type":"cond-expr","locations":[{"start":{"line":146,"column":14},"end":{"line":147,"column":null}},{"start":{"line":149,"column":16},"end":{"line":152,"column":null}}]},"11":{"loc":{"start":{"line":145,"column":13},"end":{"line":145,"column":58}},"type":"binary-expr","locations":[{"start":{"line":145,"column":13},"end":{"line":145,"column":33}},{"start":{"line":145,"column":37},"end":{"line":145,"column":58}}]},"12":{"loc":{"start":{"line":149,"column":16},"end":{"line":152,"column":null}},"type":"cond-expr","locations":[{"start":{"line":150,"column":14},"end":{"line":150,"column":68}},{"start":{"line":152,"column":14},"end":{"line":152,"column":68}}]}},"s":{"0":1,"1":10,"2":2,"3":0,"4":0,"5":2,"6":10,"7":2,"8":1,"9":10,"10":8,"11":9,"12":0,"13":0,"14":1},"f":{"0":10,"1":2,"2":2,"3":8,"4":9,"5":0,"6":0},"b":{"0":[0],"1":[1],"2":[9,1],"3":[10,5],"4":[3,7],"5":[10,5],"6":[3,7],"7":[10,5],"8":[10,3],"9":[10,7],"10":[2,5],"11":[7,5],"12":[3,2]}}
,"/app/src/components/MasterKeyCard.tsx": {"path":"/app/src/components/MasterKeyCard.tsx","statementMap":{"0":{"start":{"line":8,"column":59},"end":{"line":74,"column":1}},"1":{"start":{"line":9,"column":21},"end":{"line":13,"column":3}},"2":{"start":{"line":10,"column":4},"end":{"line":12,"column":5}},"3":{"start":{"line":11,"column":6},"end":{"line":11,"column":15}},"4":{"start":{"line":15,"column":2},"end":{"line":73,"column":4}},"5":{"start":{"line":56,"column":30},"end":{"line":56,"column":75}},"6":{"start":{"line":57,"column":29},"end":{"line":57,"column":74}},"7":{"start":{"line":8,"column":13},"end":{"line":8,"column":59}}},"fnMap":{"0":{"name":"(anonymous_0)","decl":{"start":{"line":8,"column":59},"end":{"line":8,"column":60}},"loc":{"start":{"line":8,"column":85},"end":{"line":74,"column":1}}},"1":{"name":"(anonymous_1)","decl":{"start":{"line":9,"column":21},"end":{"line":9,"column":24}},"loc":{"start":{"line":9,"column":26},"end":{"line":13,"column":3}}},"2":{"name":"(anonymous_2)","decl":{"start":{"line":56,"column":23},"end":{"line":56,"column":24}},"loc":{"start":{"line":56,"column":30},"end":{"line":56,"column":75}}},"3":{"name":"(anonymous_3)","decl":{"start":{"line":57,"column":22},"end":{"line":57,"column":23}},"loc":{"start":{"line":57,"column":29},"end":{"line":57,"column":74}}}},"branchMap":{"0":{"loc":{"start":{"line":10,"column":4},"end":{"line":12,"column":5}},"type":"if","locations":[{"start":{"line":10,"column":4},"end":{"line":12,"column":5}}]}},"s":{"0":0,"1":0,"2":0,"3":0,"4":0,"5":0,"6":0,"7":0},"f":{"0":0,"1":0,"2":0,"3":0},"b":{"0":[0]}}
,"/app/src/components/QRScannerModal.tsx": {"path":"/app/src/components/QRScannerModal.tsx","statementMap":{"0":{"start":{"line":2,"column":0},"end":{"line":2,"column":44}},"1":{"start":{"line":9,"column":61},"end":{"line":85,"column":1}},"2":{"start":{"line":10,"column":2},"end":{"line":84,"column":4}},"3":{"start":{"line":9,"column":13},"end":{"line":9,"column":61}}},"fnMap":{"0":{"name":"(anonymous_0)","decl":{"start":{"line":9,"column":61},"end":{"line":9,"column":62}},"loc":{"start":{"line":9,"column":87},"end":{"line":85,"column":1}}}},"branchMap":{},"s":{"0":0,"1":0,"2":0,"3":0},"f":{"0":0},"b":{}}
,"/app/src/hooks/useCrypto.ts": {"path":"/app/src/hooks/useCrypto.ts","statementMap":{"0":{"start":{"line":5,"column":0},"end":{"line":5,"column":33}},"1":{"start":{"line":7,"column":0},"end":{"line":7,"column":65}},"2":{"start":{"line":8,"column":0},"end":{"line":8,"column":91}},"3":{"start":{"line":9,"column":0},"end":{"line":9,"column":66}},"4":{"start":{"line":11,"column":25},"end":{"line":95,"column":1}},"5":{"start":{"line":12,"column":54},"end":{"line":12,"column":66}},"6":{"start":{"line":13,"column":32},"end":{"line":13,"column":44}},"7":{"start":{"line":14,"column":30},"end":{"line":14,"column":42}},"8":{"start":{"line":15,"column":42},"end":{"line":15,"column":57}},"9":{"start":{"line":16,"column":42},"end":{"line":16,"column":57}},"10":{"start":{"line":18,"column":25},"end":{"line":25,"column":3}},"11":{"start":{"line":19,"column":4},"end":{"line":24,"column":5}},"12":{"start":{"line":20,"column":20},"end":{"line":20,"column":63}},"13":{"start":{"line":21,"column":6},"end":{"line":21,"column":38}},"14":{"start":{"line":23,"column":6},"end":{"line":23,"column":47}},"15":{"start":{"line":27,"column":24},"end":{"line":51,"column":3}},"16":{"start":{"line":28,"column":4},"end":{"line":31,"column":5}},"17":{"start":{"line":29,"column":6},"end":{"line":29,"column":76}},"18":{"start":{"line":30,"column":6},"end":{"line":30,"column":13}},"19":{"start":{"line":33,"column":4},"end":{"line":33,"column":26}},"20":{"start":{"line":34,"column":4},"end":{"line":34,"column":31}},"21":{"start":{"line":36,"column":4},"end":{"line":36,"column":59}},"22":{"start":{"line":36,"column":33},"end":{"line":36,"column":57}},"23":{"start":{"line":38,"column":4},"end":{"line":50,"column":5}},"24":{"start":{"line":39,"column":27},"end":{"line":39,"column":61}},"25":{"start":{"line":40,"column":24},"end":{"line":40,"column":80}},"26":{"start":{"line":41,"column":30},"end":{"line":41,"column":75}},"27":{"start":{"line":42,"column":6},"end":{"line":42,"column":50}},"28":{"start":{"line":45,"column":6},"end":{"line":45,"column":22}},"29":{"start":{"line":47,"column":6},"end":{"line":47,"column":46}},"30":{"start":{"line":49,"column":6},"end":{"line":49,"column":29}},"31":{"start":{"line":53,"column":24},"end":{"line":81,"column":3}},"32":{"start":{"line":54,"column":4},"end":{"line":57,"column":5}},"33":{"start":{"line":55,"column":6},"end":{"line":55,"column":83}},"34":{"start":{"line":56,"column":6},"end":{"line":56,"column":13}},"35":{"start":{"line":59,"column":4},"end":{"line":59,"column":26}},"36":{"start":{"line":60,"column":4},"end":{"line":60,"column":31}},"37":{"start":{"line":62,"column":4},"end":{"line":62,"column":59}},"38":{"start":{"line":62,"column":33},"end":{"line":62,"column":57}},"39":{"start":{"line":64,"column":4},"end":{"line":80,"column":5}},"40":{"start":{"line":65,"column":24},"end":{"line":65,"column":58}},"41":{"start":{"line":66,"column":28},"end":{"line":66,"column":55}},"42":{"start":{"line":67,"column":24},"end":{"line":67,"column":83}},"43":{"start":{"line":69,"column":6},"end":{"line":75,"column":7}},"44":{"start":{"line":70,"column":8},"end":{"line":70,"column":70}},"45":{"start":{"line":72,"column":8},"end":{"line":72,"column":46}},"46":{"start":{"line":74,"column":8},"end":{"line":74,"column":24}},"47":{"start":{"line":77,"column":6},"end":{"line":77,"column":46}},"48":{"start":{"line":79,"column":6},"end":{"line":79,"column":29}},"49":{"start":{"line":83,"column":2},"end":{"line":94,"column":4}},"50":{"start":{"line":11,"column":13},"end":{"line":11,"column":25}}},"fnMap":{"0":{"name":"(anonymous_0)","decl":{"start":{"line":11,"column":25},"end":{"line":11,"column":26}},"loc":{"start":{"line":11,"column":80},"end":{"line":95,"column":1}}},"1":{"name":"(anonymous_1)","decl":{"start":{"line":18,"column":25},"end":{"line":18,"column":26}},"loc":{"start":{"line":18,"column":59},"end":{"line":25,"column":3}}},"2":{"name":"(anonymous_2)","decl":{"start":{"line":27,"column":24},"end":{"line":27,"column":29}},"loc":{"start":{"line":27,"column":35},"end":{"line":51,"column":3}}},"3":{"name":"(anonymous_3)","decl":{"start":{"line":36,"column":22},"end":{"line":36,"column":29}},"loc":{"start":{"line":36,"column":33},"end":{"line":36,"column":57}}},"4":{"name":"(anonymous_4)","decl":{"start":{"line":53,"column":24},"end":{"line":53,"column":29}},"loc":{"start":{"line":53,"column":35},"end":{"line":81,"column":3}}},"5":{"name":"(anonymous_5)","decl":{"start":{"line":62,"column":22},"end":{"line":62,"column":29}},"loc":{"start":{"line":62,"column":33},"end":{"line":62,"column":57}}}},"branchMap":{"0":{"loc":{"start":{"line":19,"column":4},"end":{"line":24,"column":5}},"type":"if","locations":[{"start":{"line":19,"column":4},"end":{"line":24,"column":5}},{"start":{"line":22,"column":11},"end":{"line":24,"column":5}}]},"1":{"loc":{"start":{"line":28,"column":4},"end":{"line":31,"column":5}},"type":"if","locations":[{"start":{"line":28,"column":4},"end":{"line":31,"column":5}}]},"2":{"loc":{"start":{"line":28,"column":8},"end":{"line":28,"column":51}},"type":"binary-expr","locations":[{"start":{"line":28,"column":8},"end":{"line":28,"column":16}},{"start":{"line":28,"column":20},"end":{"line":28,"column":39}},{"start":{"line":28,"column":43},"end":{"line":28,"column":51}}]},"3":{"loc":{"start":{"line":54,"column":4},"end":{"line":57,"column":5}},"type":"if","locations":[{"start":{"line":54,"column":4},"end":{"line":57,"column":5}}]},"4":{"loc":{"start":{"line":54,"column":8},"end":{"line":54,"column":51}},"type":"binary-expr","locations":[{"start":{"line":54,"column":8},"end":{"line":54,"column":16}},{"start":{"line":54,"column":20},"end":{"line":54,"column":39}},{"start":{"line":54,"column":43},"end":{"line":54,"column":51}}]},"5":{"loc":{"start":{"line":69,"column":6},"end":{"line":75,"column":7}},"type":"if","locations":[{"start":{"line":69,"column":6},"end":{"line":75,"column":7}},{"start":{"line":71,"column":13},"end":{"line":75,"column":7}}]}},"s":{"0":0,"1":0,"2":0,"3":0,"4":0,"5":0,"6":0,"7":0,"8":0,"9":0,"10":0,"11":0,"12":0,"13":0,"14":0,"15":0,"16":0,"17":0,"18":0,"19":0,"20":0,"21":0,"22":0,"23":0,"24":0,"25":0,"26":0,"27":0,"28":0,"29":0,"30":0,"31":0,"32":0,"33":0,"34":0,"35":0,"36":0,"37":0,"38":0,"39":0,"40":0,"41":0,"42":0,"43":0,"44":0,"45":0,"46":0,"47":0,"48":0,"49":0,"50":0},"f":{"0":0,"1":0,"2":0,"3":0,"4":0,"5":0},"b":{"0":[0,0],"1":[0],"2":[0,0,0],"3":[0],"4":[0,0,0],"5":[0,0]}}
,"/app/src/hooks/useKeyManagement.ts": {"path":"/app/src/hooks/useKeyManagement.ts","statementMap":{"0":{"start":{"line":5,"column":0},"end":{"line":5,"column":53}},"1":{"start":{"line":7,"column":0},"end":{"line":7,"column":null}},"2":{"start":{"line":13,"column":0},"end":{"line":13,"column":null}},"3":{"start":{"line":20,"column":32},"end":{"line":151,"column":1}},"4":{"start":{"line":21,"column":32},"end":{"line":21,"column":62}},"5":{"start":{"line":22,"column":46},"end":{"line":22,"column":83}},"6":{"start":{"line":23,"column":36},"end":{"line":23,"column":48}},"7":{"start":{"line":24,"column":48},"end":{"line":24,"column":63}},"8":{"start":{"line":25,"column":56},"end":{"line":25,"column":71}},"9":{"start":{"line":26,"column":42},"end":{"line":26,"column":53}},"10":{"start":{"line":28,"column":29},"end":{"line":40,"column":3}},"11":{"start":{"line":29,"column":17},"end":{"line":29,"column":34}},"12":{"start":{"line":31,"column":4},"end":{"line":31,"column":21}},"13":{"start":{"line":33,"column":28},"end":{"line":33,"column":78}},"14":{"start":{"line":34,"column":28},"end":{"line":34,"column":78}},"15":{"start":{"line":36,"column":4},"end":{"line":39,"column":7}},"16":{"start":{"line":42,"column":29},"end":{"line":66,"column":3}},"17":{"start":{"line":43,"column":4},"end":{"line":64,"column":5}},"18":{"start":{"line":44,"column":28},"end":{"line":44,"column":52}},"19":{"start":{"line":45,"column":24},"end":{"line":45,"column":60}},"20":{"start":{"line":47,"column":6},"end":{"line":61,"column":7}},"21":{"start":{"line":48,"column":21},"end":{"line":48,"column":60}},"22":{"start":{"line":50,"column":8},"end":{"line":50,"column":25}},"23":{"start":{"line":52,"column":32},"end":{"line":52,"column":82}},"24":{"start":{"line":53,"column":32},"end":{"line":53,"column":82}},"25":{"start":{"line":55,"column":8},"end":{"line":58,"column":11}},"26":{"start":{"line":60,"column":8},"end":{"line":60,"column":20}},"27":{"start":{"line":63,"column":6},"end":{"line":63,"column":59}},"28":{"start":{"line":65,"column":4},"end":{"line":65,"column":17}},"29":{"start":{"line":68,"column":32},"end":{"line":89,"column":3}},"30":{"start":{"line":69,"column":4},"end":{"line":71,"column":5}},"31":{"start":{"line":70,"column":6},"end":{"line":70,"column":19}},"32":{"start":{"line":73,"column":17},"end":{"line":73,"column":46}},"33":{"start":{"line":74,"column":4},"end":{"line":88,"column":5}},"34":{"start":{"line":75,"column":23},"end":{"line":75,"column":58}},"35":{"start":{"line":76,"column":6},"end":{"line":83,"column":7}},"36":{"start":{"line":77,"column":8},"end":{"line":77,"column":38}},"37":{"start":{"line":78,"column":8},"end":{"line":78,"column":33}},"38":{"start":{"line":79,"column":8},"end":{"line":79,"column":20}},"39":{"start":{"line":81,"column":8},"end":{"line":81,"column":73}},"40":{"start":{"line":82,"column":8},"end":{"line":82,"column":21}},"41":{"start":{"line":85,"column":6},"end":{"line":85,"column":27}},"42":{"start":{"line":86,"column":6},"end":{"line":86,"column":31}},"43":{"start":{"line":87,"column":6},"end":{"line":87,"column":18}},"44":{"start":{"line":91,"column":18},"end":{"line":97,"column":3}},"45":{"start":{"line":92,"column":4},"end":{"line":92,"column":21}},"46":{"start":{"line":93,"column":4},"end":{"line":93,"column":30}},"47":{"start":{"line":94,"column":4},"end":{"line":96,"column":5}},"48":{"start":{"line":95,"column":6},"end":{"line":95,"column":35}},"49":{"start":{"line":99,"column":30},"end":{"line":109,"column":40}},"50":{"start":{"line":100,"column":4},"end":{"line":100,"column":44}},"51":{"start":{"line":100,"column":32},"end":{"line":100,"column":44}},"52":{"start":{"line":102,"column":4},"end":{"line":108,"column":5}},"53":{"start":{"line":103,"column":24},"end":{"line":103,"column":70}},"54":{"start":{"line":104,"column":6},"end":{"line":104,"column":59}},"55":{"start":{"line":106,"column":6},"end":{"line":106,"column":61}},"56":{"start":{"line":107,"column":6},"end":{"line":107,"column":18}},"57":{"start":{"line":111,"column":17},"end":{"line":114,"column":15}},"58":{"start":{"line":112,"column":4},"end":{"line":112,"column":30}},"59":{"start":{"line":112,"column":18},"end":{"line":112,"column":30}},"60":{"start":{"line":113,"column":4},"end":{"line":113,"column":45}},"61":{"start":{"line":117,"column":2},"end":{"line":122,"column":9}},"62":{"start":{"line":118,"column":17},"end":{"line":118,"column":46}},"63":{"start":{"line":119,"column":4},"end":{"line":121,"column":5}},"64":{"start":{"line":120,"column":6},"end":{"line":120,"column":35}},"65":{"start":{"line":125,"column":2},"end":{"line":130,"column":28}},"66":{"start":{"line":126,"column":4},"end":{"line":129,"column":5}},"67":{"start":{"line":127,"column":23},"end":{"line":127,"column":61}},"68":{"start":{"line":128,"column":6},"end":{"line":128,"column":38}},"69":{"start":{"line":132,"column":32},"end":{"line":134,"column":3}},"70":{"start":{"line":133,"column":4},"end":{"line":133,"column":38}},"71":{"start":{"line":133,"column":28},"end":{"line":133,"column":36}},"72":{"start":{"line":136,"column":2},"end":{"line":150,"column":4}},"73":{"start":{"line":20,"column":13},"end":{"line":20,"column":32}}},"fnMap":{"0":{"name":"(anonymous_0)","decl":{"start":{"line":20,"column":32},"end":{"line":20,"column":35}},"loc":{"start":{"line":20,"column":37},"end":{"line":151,"column":1}}},"1":{"name":"(anonymous_1)","decl":{"start":{"line":28,"column":29},"end":{"line":28,"column":34}},"loc":{"start":{"line":28,"column":59},"end":{"line":40,"column":3}}},"2":{"name":"(anonymous_2)","decl":{"start":{"line":42,"column":29},"end":{"line":42,"column":30}},"loc":{"start":{"line":42,"column":68},"end":{"line":66,"column":3}}},"3":{"name":"(anonymous_3)","decl":{"start":{"line":68,"column":32},"end":{"line":68,"column":35}},"loc":{"start":{"line":68,"column":37},"end":{"line":89,"column":3}}},"4":{"name":"(anonymous_4)","decl":{"start":{"line":91,"column":18},"end":{"line":91,"column":21}},"loc":{"start":{"line":91,"column":23},"end":{"line":97,"column":3}}},"5":{"name":"(anonymous_5)","decl":{"start":{"line":99,"column":38},"end":{"line":99,"column":41}},"loc":{"start":{"line":99,"column":43},"end":{"line":109,"column":3}}},"6":{"name":"(anonymous_6)","decl":{"start":{"line":111,"column":25},"end":{"line":111,"column":28}},"loc":{"start":{"line":111,"column":30},"end":{"line":114,"column":3}}},"7":{"name":"(anonymous_7)","decl":{"start":{"line":117,"column":12},"end":{"line":117,"column":15}},"loc":{"start":{"line":117,"column":17},"end":{"line":122,"column":3}}},"8":{"name":"(anonymous_8)","decl":{"start":{"line":125,"column":12},"end":{"line":125,"column":15}},"loc":{"start":{"line":125,"column":17},"end":{"line":130,"column":3}}},"9":{"name":"(anonymous_9)","decl":{"start":{"line":132,"column":32},"end":{"line":132,"column":35}},"loc":{"start":{"line":132,"column":37},"end":{"line":134,"column":3}}},"10":{"name":"(anonymous_10)","decl":{"start":{"line":133,"column":20},"end":{"line":133,"column":24}},"loc":{"start":{"line":133,"column":28},"end":{"line":133,"column":36}}}},"branchMap":{"0":{"loc":{"start":{"line":28,"column":36},"end":{"line":28,"column":55}},"type":"default-arg","locations":[{"start":{"line":28,"column":50},"end":{"line":28,"column":55}}]},"1":{"loc":{"start":{"line":47,"column":6},"end":{"line":61,"column":7}},"type":"if","locations":[{"start":{"line":47,"column":6},"end":{"line":61,"column":7}}]},"2":{"loc":{"start":{"line":47,"column":10},"end":{"line":47,"column":46}},"type":"binary-expr","locations":[{"start":{"line":47,"column":10},"end":{"line":47,"column":19}},{"start":{"line":47,"column":23},"end":{"line":47,"column":46}}]},"3":{"loc":{"start":{"line":69,"column":4},"end":{"line":71,"column":5}},"type":"if","locations":[{"start":{"line":69,"column":4},"end":{"line":71,"column":5}}]},"4":{"loc":{"start":{"line":69,"column":8},"end":{"line":69,"column":43}},"type":"binary-expr","locations":[{"start":{"line":69,"column":8},"end":{"line":69,"column":18}},{"start":{"line":69,"column":22},"end":{"line":69,"column":43}}]},"5":{"loc":{"start":{"line":74,"column":4},"end":{"line":88,"column":5}},"type":"if","locations":[{"start":{"line":74,"column":4},"end":{"line":88,"column":5}},{"start":{"line":84,"column":11},"end":{"line":88,"column":5}}]},"6":{"loc":{"start":{"line":76,"column":6},"end":{"line":83,"column":7}},"type":"if","locations":[{"start":{"line":76,"column":6},"end":{"line":83,"column":7}},{"start":{"line":80,"column":13},"end":{"line":83,"column":7}}]},"7":{"loc":{"start":{"line":94,"column":4},"end":{"line":96,"column":5}},"type":"if","locations":[{"start":{"line":94,"column":4},"end":{"line":96,"column":5}}]},"8":{"loc":{"start":{"line":100,"column":4},"end":{"line":100,"column":44}},"type":"if","locations":[{"start":{"line":100,"column":4},"end":{"line":100,"column":44}}]},"9":{"loc":{"start":{"line":100,"column":8},"end":{"line":100,"column":30}},"type":"binary-expr","locations":[{"start":{"line":100,"column":8},"end":{"line":100,"column":16}},{"start":{"line":100,"column":20},"end":{"line":100,"column":30}}]},"10":{"loc":{"start":{"line":112,"column":4},"end":{"line":112,"column":30}},"type":"if","locations":[{"start":{"line":112,"column":4},"end":{"line":112,"column":30}}]},"11":{"loc":{"start":{"line":119,"column":4},"end":{"line":121,"column":5}},"type":"if","locations":[{"start":{"line":119,"column":4},"end":{"line":121,"column":5}}]},"12":{"loc":{"start":{"line":126,"column":4},"end":{"line":129,"column":5}},"type":"if","locations":[{"start":{"line":126,"column":4},"end":{"line":129,"column":5}}]}},"s":{"0":0,"1":0,"2":0,"3":0,"4":0,"5":0,"6":0,"7":0,"8":0,"9":0,"10":0,"11":0,"12":0,"13":0,"14":0,"15":0,"16":0,"17":0,"18":0,"19":0,"20":0,"21":0,"22":0,"23":0,"24":0,"25":0,"26":0,"27":0,"28":0,"29":0,"30":0,"31":0,"32":0,"33":0,"34":0,"35":0,"36":0,"37":0,"38":0,"39":0,"40":0,"41":0,"42":0,"43":0,"44":0,"45":0,"46":0,"47":0,"48":0,"49":0,"50":0,"51":0,"52":0,"53":0,"54":0,"55":0,"56":0,"57":0,"58":0,"59":0,"60":0,"61":0,"62":0,"63":0,"64":0,"65":0,"66":0,"67":0,"68":0,"69":0,"70":0,"71":0,"72":0,"73":0},"f":{"0":0,"1":0,"2":0,"3":0,"4":0,"5":0,"6":0,"7":0,"8":0,"9":0,"10":0},"b":{"0":[0],"1":[0],"2":[0,0],"3":[0],"4":[0,0],"5":[0,0],"6":[0,0],"7":[0],"8":[0],"9":[0,0],"10":[0],"11":[0],"12":[0]}}
,"/app/src/hooks/useQRScanner.ts": {"path":"/app/src/hooks/useQRScanner.ts","statementMap":{"0":{"start":{"line":5,"column":0},"end":{"line":5,"column":52}},"1":{"start":{"line":6,"column":0},"end":{"line":6,"column":35}},"2":{"start":{"line":8,"column":28},"end":{"line":132,"column":1}},"3":{"start":{"line":9,"column":40},"end":{"line":9,"column":55}},"4":{"start":{"line":10,"column":36},"end":{"line":10,"column":66}},"5":{"start":{"line":11,"column":19},"end":{"line":11,"column":49}},"6":{"start":{"line":12,"column":21},"end":{"line":12,"column":51}},"7":{"start":{"line":15,"column":2},"end":{"line":17,"column":9}},"8":{"start":{"line":16,"column":4},"end":{"line":16,"column":78}},"9":{"start":{"line":16,"column":57},"end":{"line":16,"column":76}},"10":{"start":{"line":19,"column":23},"end":{"line":85,"column":3}},"11":{"start":{"line":20,"column":4},"end":{"line":20,"column":34}},"12":{"start":{"line":20,"column":27},"end":{"line":20,"column":34}},"13":{"start":{"line":22,"column":4},"end":{"line":84,"column":5}},"14":{"start":{"line":24,"column":21},"end":{"line":24,"column":48}},"15":{"start":{"line":25,"column":6},"end":{"line":29,"column":7}},"16":{"start":{"line":26,"column":8},"end":{"line":26,"column":49}},"17":{"start":{"line":27,"column":8},"end":{"line":27,"column":30}},"18":{"start":{"line":28,"column":8},"end":{"line":28,"column":15}},"19":{"start":{"line":32,"column":6},"end":{"line":58,"column":7}},"20":{"start":{"line":33,"column":23},"end":{"line":37,"column":10}},"21":{"start":{"line":39,"column":8},"end":{"line":39,"column":58}},"22":{"start":{"line":39,"column":44},"end":{"line":39,"column":56}},"23":{"start":{"line":41,"column":8},"end":{"line":41,"column":62}},"24":{"start":{"line":44,"column":25},"end":{"line":46,"column":63}},"25":{"start":{"line":48,"column":27},"end":{"line":48,"column":51}},"26":{"start":{"line":49,"column":8},"end":{"line":53,"column":9}},"27":{"start":{"line":50,"column":10},"end":{"line":50,"column":96}},"28":{"start":{"line":52,"column":10},"end":{"line":52,"column":101}},"29":{"start":{"line":55,"column":8},"end":{"line":55,"column":28}},"30":{"start":{"line":56,"column":8},"end":{"line":56,"column":30}},"31":{"start":{"line":57,"column":8},"end":{"line":57,"column":15}},"32":{"start":{"line":60,"column":22},"end":{"line":75,"column":null}},"33":{"start":{"line":63,"column":30},"end":{"line":63,"column":41}},"34":{"start":{"line":64,"column":10},"end":{"line":67,"column":11}},"35":{"start":{"line":65,"column":12},"end":{"line":65,"column":46}},"36":{"start":{"line":66,"column":12},"end":{"line":66,"column":26}},"37":{"start":{"line":78,"column":6},"end":{"line":78,"column":35}},"38":{"start":{"line":79,"column":6},"end":{"line":79,"column":28}},"39":{"start":{"line":81,"column":6},"end":{"line":81,"column":55}},"40":{"start":{"line":82,"column":6},"end":{"line":82,"column":100}},"41":{"start":{"line":83,"column":6},"end":{"line":83,"column":28}},"42":{"start":{"line":87,"column":22},"end":{"line":94,"column":3}},"43":{"start":{"line":88,"column":4},"end":{"line":92,"column":5}},"44":{"start":{"line":89,"column":6},"end":{"line":89,"column":32}},"45":{"start":{"line":90,"column":6},"end":{"line":90,"column":35}},"46":{"start":{"line":91,"column":6},"end":{"line":91,"column":32}},"47":{"start":{"line":93,"column":4},"end":{"line":93,"column":26}},"48":{"start":{"line":96,"column":22},"end":{"line":108,"column":3}},"49":{"start":{"line":98,"column":21},"end":{"line":100,"column":59}},"50":{"start":{"line":102,"column":4},"end":{"line":105,"column":5}},"51":{"start":{"line":103,"column":6},"end":{"line":103,"column":83}},"52":{"start":{"line":104,"column":6},"end":{"line":104,"column":13}},"53":{"start":{"line":107,"column":4},"end":{"line":107,"column":25}},"54":{"start":{"line":111,"column":2},"end":{"line":123,"column":20}},"55":{"start":{"line":112,"column":4},"end":{"line":114,"column":5}},"56":{"start":{"line":113,"column":6},"end":{"line":113,"column":21}},"57":{"start":{"line":116,"column":4},"end":{"line":122,"column":6}},"58":{"start":{"line":117,"column":6},"end":{"line":121,"column":7}},"59":{"start":{"line":118,"column":8},"end":{"line":118,"column":34}},"60":{"start":{"line":119,"column":8},"end":{"line":119,"column":37}},"61":{"start":{"line":120,"column":8},"end":{"line":120,"column":34}},"62":{"start":{"line":125,"column":2},"end":{"line":131,"column":4}},"63":{"start":{"line":8,"column":13},"end":{"line":8,"column":28}}},"fnMap":{"0":{"name":"(anonymous_1)","decl":{"start":{"line":8,"column":28},"end":{"line":8,"column":29}},"loc":{"start":{"line":8,"column":70},"end":{"line":132,"column":1}}},"1":{"name":"(anonymous_2)","decl":{"start":{"line":15,"column":12},"end":{"line":15,"column":15}},"loc":{"start":{"line":15,"column":17},"end":{"line":17,"column":3}}},"2":{"name":"(anonymous_3)","decl":{"start":{"line":16,"column":51},"end":{"line":16,"column":54}},"loc":{"start":{"line":16,"column":57},"end":{"line":16,"column":76}}},"3":{"name":"(anonymous_4)","decl":{"start":{"line":19,"column":23},"end":{"line":19,"column":28}},"loc":{"start":{"line":19,"column":34},"end":{"line":85,"column":3}}},"4":{"name":"(anonymous_5)","decl":{"start":{"line":39,"column":35},"end":{"line":39,"column":40}},"loc":{"start":{"line":39,"column":44},"end":{"line":39,"column":56}}},"5":{"name":"(anonymous_6)","decl":{"start":{"line":62,"column":8},"end":{"line":62,"column":9}},"loc":{"start":{"line":62,"column":41},"end":{"line":68,"column":9}}},"6":{"name":"(anonymous_7)","decl":{"start":{"line":87,"column":22},"end":{"line":87,"column":25}},"loc":{"start":{"line":87,"column":27},"end":{"line":94,"column":3}}},"7":{"name":"(anonymous_8)","decl":{"start":{"line":96,"column":22},"end":{"line":96,"column":25}},"loc":{"start":{"line":96,"column":27},"end":{"line":108,"column":3}}},"8":{"name":"(anonymous_9)","decl":{"start":{"line":111,"column":12},"end":{"line":111,"column":15}},"loc":{"start":{"line":111,"column":17},"end":{"line":123,"column":3}}},"9":{"name":"(anonymous_10)","decl":{"start":{"line":116,"column":11},"end":{"line":116,"column":14}},"loc":{"start":{"line":116,"column":16},"end":{"line":122,"column":5}}}},"branchMap":{"0":{"loc":{"start":{"line":20,"column":4},"end":{"line":20,"column":34}},"type":"if","locations":[{"start":{"line":20,"column":4},"end":{"line":20,"column":34}}]},"1":{"loc":{"start":{"line":25,"column":6},"end":{"line":29,"column":7}},"type":"if","locations":[{"start":{"line":25,"column":6},"end":{"line":29,"column":7}}]},"2":{"loc":{"start":{"line":44,"column":25},"end":{"line":46,"column":63}},"type":"binary-expr","locations":[{"start":{"line":44,"column":25},"end":{"line":44,"column":62}},{"start":{"line":45,"column":23},"end":{"line":45,"column":63}},{"start":{"line":46,"column":23},"end":{"line":46,"column":63}}]},"3":{"loc":{"start":{"line":49,"column":8},"end":{"line":53,"column":9}},"type":"if","locations":[{"start":{"line":49,"column":8},"end":{"line":53,"column":9}},{"start":{"line":51,"column":15},"end":{"line":53,"column":9}}]},"4":{"loc":{"start":{"line":64,"column":10},"end":{"line":67,"column":11}},"type":"if","locations":[{"start":{"line":64,"column":10},"end":{"line":67,"column":11}}]},"5":{"loc":{"start":{"line":88,"column":4},"end":{"line":92,"column":5}},"type":"if","locations":[{"start":{"line":88,"column":4},"end":{"line":92,"column":5}}]},"6":{"loc":{"start":{"line":98,"column":21},"end":{"line":100,"column":59}},"type":"binary-expr","locations":[{"start":{"line":98,"column":21},"end":{"line":98,"column":58}},{"start":{"line":99,"column":19},"end":{"line":99,"column":59}},{"start":{"line":100,"column":19},"end":{"line":100,"column":59}}]},"7":{"loc":{"start":{"line":102,"column":4},"end":{"line":105,"column":5}},"type":"if","locations":[{"start":{"line":102,"column":4},"end":{"line":105,"column":5}}]},"8":{"loc":{"start":{"line":112,"column":4},"end":{"line":114,"column":5}},"type":"if","locations":[{"start":{"line":112,"column":4},"end":{"line":114,"column":5}}]},"9":{"loc":{"start":{"line":112,"column":8},"end":{"line":112,"column":39}},"type":"binary-expr","locations":[{"start":{"line":112,"column":8},"end":{"line":112,"column":19}},{"start":{"line":112,"column":23},"end":{"line":112,"column":39}}]},"10":{"loc":{"start":{"line":117,"column":6},"end":{"line":121,"column":7}},"type":"if","locations":[{"start":{"line":117,"column":6},"end":{"line":121,"column":7}}]}},"s":{"0":0,"1":0,"2":0,"3":0,"4":0,"5":0,"6":0,"7":0,"8":0,"9":0,"10":0,"11":0,"12":0,"13":0,"14":0,"15":0,"16":0,"17":0,"18":0,"19":0,"20":0,"21":0,"22":0,"23":0,"24":0,"25":0,"26":0,"27":0,"28":0,"29":0,"30":0,"31":0,"32":0,"33":0,"34":0,"35":0,"36":0,"37":0,"38":0,"39":0,"40":0,"41":0,"42":0,"43":0,"44":0,"45":0,"46":0,"47":0,"48":0,"49":0,"50":0,"51":0,"52":0,"53":0,"54":0,"55":0,"56":0,"57":0,"58":0,"59":0,"60":0,"61":0,"62":0,"63":0},"f":{"0":0,"1":0,"2":0,"3":0,"4":0,"5":0,"6":0,"7":0,"8":0,"9":0},"b":{"0":[0],"1":[0],"2":[0,0,0],"3":[0,0],"4":[0],"5":[0],"6":[0,0,0],"7":[0],"8":[0],"9":[0,0],"10":[0]}}
,"/app/src/utils/clipboard.ts": {"path":"/app/src/utils/clipboard.ts","statementMap":{"0":{"start":{"line":5,"column":35},"end":{"line":13,"column":1}},"1":{"start":{"line":6,"column":2},"end":{"line":12,"column":3}},"2":{"start":{"line":7,"column":4},"end":{"line":7,"column":46}},"3":{"start":{"line":8,"column":4},"end":{"line":8,"column":16}},"4":{"start":{"line":10,"column":4},"end":{"line":10,"column":57}},"5":{"start":{"line":11,"column":4},"end":{"line":11,"column":17}},"6":{"start":{"line":5,"column":13},"end":{"line":5,"column":35}},"7":{"start":{"line":15,"column":36},"end":{"line":51,"column":1}},"8":{"start":{"line":16,"column":2},"end":{"line":50,"column":3}},"9":{"start":{"line":17,"column":20},"end":{"line":17,"column":69}},"10":{"start":{"line":18,"column":19},"end":{"line":18,"column":51}},"11":{"start":{"line":19,"column":16},"end":{"line":19,"column":39}},"12":{"start":{"line":20,"column":16},"end":{"line":20,"column":27}},"13":{"start":{"line":22,"column":4},"end":{"line":46,"column":7}},"14":{"start":{"line":23,"column":6},"end":{"line":42,"column":8}},"15":{"start":{"line":24,"column":8},"end":{"line":24,"column":33}},"16":{"start":{"line":25,"column":8},"end":{"line":25,"column":35}},"17":{"start":{"line":26,"column":8},"end":{"line":26,"column":34}},"18":{"start":{"line":28,"column":8},"end":{"line":41,"column":24}},"19":{"start":{"line":29,"column":10},"end":{"line":40,"column":11}},"20":{"start":{"line":30,"column":12},"end":{"line":37,"column":13}},"21":{"start":{"line":31,"column":14},"end":{"line":33,"column":17}},"22":{"start":{"line":34,"column":14},"end":{"line":34,"column":28}},"23":{"start":{"line":36,"column":14},"end":{"line":36,"column":29}},"24":{"start":{"line":39,"column":12},"end":{"line":39,"column":27}},"25":{"start":{"line":44,"column":6},"end":{"line":44,"column":41}},"26":{"start":{"line":44,"column":26},"end":{"line":44,"column":40}},"27":{"start":{"line":45,"column":6},"end":{"line":45,"column":61}},"28":{"start":{"line":48,"column":4},"end":{"line":48,"column":63}},"29":{"start":{"line":49,"column":4},"end":{"line":49,"column":17}},"30":{"start":{"line":15,"column":13},"end":{"line":15,"column":36}}},"fnMap":{"0":{"name":"(anonymous_0)","decl":{"start":{"line":5,"column":35},"end":{"line":5,"column":40}},"loc":{"start":{"line":5,"column":76},"end":{"line":13,"column":1}}},"1":{"name":"(anonymous_1)","decl":{"start":{"line":15,"column":36},"end":{"line":15,"column":41}},"loc":{"start":{"line":15,"column":87},"end":{"line":51,"column":1}}},"2":{"name":"(anonymous_2)","decl":{"start":{"line":22,"column":23},"end":{"line":22,"column":24}},"loc":{"start":{"line":22,"column":35},"end":{"line":46,"column":5}}},"3":{"name":"(anonymous_3)","decl":{"start":{"line":23,"column":19},"end":{"line":23,"column":24}},"loc":{"start":{"line":23,"column":30},"end":{"line":42,"column":7}}},"4":{"name":"(anonymous_4)","decl":{"start":{"line":28,"column":22},"end":{"line":28,"column":27}},"loc":{"start":{"line":28,"column":37},"end":{"line":41,"column":9}}},"5":{"name":"(anonymous_5)","decl":{"start":{"line":44,"column":20},"end":{"line":44,"column":23}},"loc":{"start":{"line":44,"column":26},"end":{"line":44,"column":40}}}},"branchMap":{"0":{"loc":{"start":{"line":29,"column":10},"end":{"line":40,"column":11}},"type":"if","locations":[{"start":{"line":29,"column":10},"end":{"line":40,"column":11}},{"start":{"line":38,"column":17},"end":{"line":40,"column":11}}]}},"s":{"0":1,"1":2,"2":2,"3":1,"4":1,"5":1,"6":1,"7":1,"8":1,"9":1,"10":1,"11":1,"12":1,"13":1,"14":1,"15":0,"16":0,"17":0,"18":0,"19":0,"20":0,"21":0,"22":0,"23":0,"24":0,"25":1,"26":1,"27":1,"28":0,"29":0,"30":1},"f":{"0":2,"1":1,"2":1,"3":0,"4":0,"5":1},"b":{"0":[0,0]}}
,"/app/src/utils/crypto.ts": {"path":"/app/src/utils/crypto.ts","statementMap":{"0":{"start":{"line":5,"column":0},"end":{"line":5,"column":34}},"1":{"start":{"line":12,"column":31},"end":{"line":14,"column":1}},"2":{"start":{"line":13,"column":2},"end":{"line":13,"column":28}},"3":{"start":{"line":12,"column":13},"end":{"line":12,"column":31}},"4":{"start":{"line":16,"column":44},"end":{"line":18,"column":1}},"5":{"start":{"line":17,"column":2},"end":{"line":17,"column":51}},"6":{"start":{"line":16,"column":13},"end":{"line":16,"column":44}},"7":{"start":{"line":20,"column":38},"end":{"line":25,"column":1}},"8":{"start":{"line":21,"column":25},"end":{"line":21,"column":60}},"9":{"start":{"line":23,"column":16},"end":{"line":23,"column":46}},"10":{"start":{"line":24,"column":2},"end":{"line":24,"column":61}},"11":{"start":{"line":20,"column":13},"end":{"line":20,"column":38}},"12":{"start":{"line":27,"column":32},"end":{"line":38,"column":1}},"13":{"start":{"line":28,"column":20},"end":{"line":28,"column":53}},"14":{"start":{"line":29,"column":16},"end":{"line":29,"column":60}},"15":{"start":{"line":30,"column":20},"end":{"line":30,"column":63}},"16":{"start":{"line":33,"column":22},"end":{"line":33,"column":69}},"17":{"start":{"line":34,"column":2},"end":{"line":34,"column":25}},"18":{"start":{"line":35,"column":2},"end":{"line":35,"column":43}},"19":{"start":{"line":37,"column":2},"end":{"line":37,"column":21}},"20":{"start":{"line":27,"column":13},"end":{"line":27,"column":32}},"21":{"start":{"line":40,"column":32},"end":{"line":46,"column":1}},"22":{"start":{"line":41,"column":20},"end":{"line":41,"column":53}},"23":{"start":{"line":42,"column":16},"end":{"line":42,"column":66}},"24":{"start":{"line":43,"column":20},"end":{"line":43,"column":67}},"25":{"start":{"line":45,"column":2},"end":{"line":45,"column":58}},"26":{"start":{"line":40,"column":13},"end":{"line":40,"column":32}},"27":{"start":{"line":48,"column":30},"end":{"line":64,"column":1}},"28":{"start":{"line":53,"column":16},"end":{"line":53,"column":54}},"29":{"start":{"line":54,"column":23},"end":{"line":54,"column":56}},"30":{"start":{"line":56,"column":23},"end":{"line":56,"column":51}},"31":{"start":{"line":57,"column":20},"end":{"line":57,"column":86}},"32":{"start":{"line":59,"column":22},"end":{"line":59,"column":69}},"33":{"start":{"line":60,"column":2},"end":{"line":60,"column":25}},"34":{"start":{"line":61,"column":2},"end":{"line":61,"column":43}},"35":{"start":{"line":63,"column":2},"end":{"line":63,"column":21}},"36":{"start":{"line":48,"column":13},"end":{"line":48,"column":30}},"37":{"start":{"line":66,"column":30},"end":{"line":81,"column":1}},"38":{"start":{"line":71,"column":16},"end":{"line":71,"column":60}},"39":{"start":{"line":72,"column":20},"end":{"line":72,"column":61}},"40":{"start":{"line":74,"column":20},"end":{"line":74,"column":88}},"41":{"start":{"line":76,"column":2},"end":{"line":78,"column":3}},"42":{"start":{"line":77,"column":4},"end":{"line":77,"column":16}},"43":{"start":{"line":80,"column":2},"end":{"line":80,"column":45}},"44":{"start":{"line":66,"column":13},"end":{"line":66,"column":30}}},"fnMap":{"0":{"name":"(anonymous_9)","decl":{"start":{"line":12,"column":31},"end":{"line":12,"column":43}},"loc":{"start":{"line":12,"column":45},"end":{"line":14,"column":1}}},"1":{"name":"(anonymous_10)","decl":{"start":{"line":16,"column":44},"end":{"line":16,"column":45}},"loc":{"start":{"line":16,"column":79},"end":{"line":18,"column":1}}},"2":{"name":"(anonymous_11)","decl":{"start":{"line":20,"column":38},"end":{"line":20,"column":39}},"loc":{"start":{"line":20,"column":72},"end":{"line":25,"column":1}}},"3":{"name":"(anonymous_12)","decl":{"start":{"line":27,"column":32},"end":{"line":27,"column":33}},"loc":{"start":{"line":27,"column":89},"end":{"line":38,"column":1}}},"4":{"name":"(anonymous_13)","decl":{"start":{"line":40,"column":32},"end":{"line":40,"column":33}},"loc":{"start":{"line":40,"column":100},"end":{"line":46,"column":1}}},"5":{"name":"(anonymous_14)","decl":{"start":{"line":48,"column":30},"end":{"line":48,"column":null}},"loc":{"start":{"line":52,"column":16},"end":{"line":64,"column":1}}},"6":{"name":"(anonymous_15)","decl":{"start":{"line":66,"column":30},"end":{"line":66,"column":null}},"loc":{"start":{"line":70,"column":19},"end":{"line":81,"column":1}}}},"branchMap":{"0":{"loc":{"start":{"line":76,"column":2},"end":{"line":78,"column":3}},"type":"if","locations":[{"start":{"line":76,"column":2},"end":{"line":78,"column":3}}]}},"s":{"0":2,"1":2,"2":32,"3":2,"4":2,"5":4,"6":2,"7":2,"8":20,"9":20,"10":20,"11":2,"12":2,"13":7,"14":7,"15":7,"16":7,"17":7,"18":7,"19":7,"20":2,"21":2,"22":8,"23":8,"24":8,"25":8,"26":2,"27":2,"28":13,"29":13,"30":13,"31":13,"32":13,"33":13,"34":13,"35":13,"36":2,"37":2,"38":16,"39":16,"40":16,"41":16,"42":5,"43":11,"44":2},"f":{"0":32,"1":4,"2":20,"3":7,"4":8,"5":13,"6":16},"b":{"0":[5]}}
,"/app/src/utils/encoding.ts": {"path":"/app/src/utils/encoding.ts","statementMap":{"0":{"start":{"line":5,"column":34},"end":{"line":11,"column":1}},"1":{"start":{"line":6,"column":15},"end":{"line":6,"column":24}},"2":{"start":{"line":7,"column":2},"end":{"line":9,"column":3}},"3":{"start":{"line":7,"column":15},"end":{"line":7,"column":16}},"4":{"start":{"line":8,"column":4},"end":{"line":8,"column":52}},"5":{"start":{"line":10,"column":2},"end":{"line":10,"column":43}},"6":{"start":{"line":5,"column":13},"end":{"line":5,"column":34}},"7":{"start":{"line":13,"column":34},"end":{"line":26,"column":1}},"8":{"start":{"line":14,"column":19},"end":{"line":14,"column":41}},"9":{"start":{"line":15,"column":15},"end":{"line":15,"column":24}},"10":{"start":{"line":16,"column":2},"end":{"line":18,"column":3}},"11":{"start":{"line":16,"column":15},"end":{"line":16,"column":16}},"12":{"start":{"line":17,"column":4},"end":{"line":17,"column":69}},"13":{"start":{"line":19,"column":14},"end":{"line":19,"column":33}},"14":{"start":{"line":20,"column":20},"end":{"line":20,"column":65}},"15":{"start":{"line":21,"column":14},"end":{"line":21,"column":79}},"16":{"start":{"line":22,"column":2},"end":{"line":24,"column":3}},"17":{"start":{"line":22,"column":15},"end":{"line":22,"column":16}},"18":{"start":{"line":23,"column":4},"end":{"line":23,"column":54}},"19":{"start":{"line":25,"column":2},"end":{"line":25,"column":13}},"20":{"start":{"line":13,"column":13},"end":{"line":13,"column":34}},"21":{"start":{"line":28,"column":30},"end":{"line":30,"column":1}},"22":{"start":{"line":29,"column":2},"end":{"line":29,"column":48}},"23":{"start":{"line":28,"column":13},"end":{"line":28,"column":30}},"24":{"start":{"line":32,"column":30},"end":{"line":41,"column":1}},"25":{"start":{"line":34,"column":15},"end":{"line":34,"column":35}},"26":{"start":{"line":35,"column":15},"end":{"line":35,"column":35}},"27":{"start":{"line":36,"column":18},"end":{"line":36,"column":34}},"28":{"start":{"line":37,"column":16},"end":{"line":39,"column":13}},"29":{"start":{"line":38,"column":16},"end":{"line":38,"column":47}},"30":{"start":{"line":40,"column":2},"end":{"line":40,"column":52}},"31":{"start":{"line":32,"column":13},"end":{"line":32,"column":30}}},"fnMap":{"0":{"name":"(anonymous_0)","decl":{"start":{"line":5,"column":34},"end":{"line":5,"column":35}},"loc":{"start":{"line":5,"column":62},"end":{"line":11,"column":1}}},"1":{"name":"(anonymous_1)","decl":{"start":{"line":13,"column":34},"end":{"line":13,"column":35}},"loc":{"start":{"line":13,"column":87},"end":{"line":26,"column":1}}},"2":{"name":"(anonymous_2)","decl":{"start":{"line":28,"column":30},"end":{"line":28,"column":31}},"loc":{"start":{"line":28,"column":54},"end":{"line":30,"column":1}}},"3":{"name":"(anonymous_3)","decl":{"start":{"line":32,"column":30},"end":{"line":32,"column":31}},"loc":{"start":{"line":32,"column":64},"end":{"line":41,"column":1}}},"4":{"name":"(anonymous_4)","decl":{"start":{"line":38,"column":9},"end":{"line":38,"column":10}},"loc":{"start":{"line":38,"column":16},"end":{"line":38,"column":47}}}},"branchMap":{"0":{"loc":{"start":{"line":20,"column":34},"end":{"line":20,"column":54}},"type":"binary-expr","locations":[{"start":{"line":20,"column":34},"end":{"line":20,"column":48}},{"start":{"line":20,"column":52},"end":{"line":20,"column":54}}]},"1":{"loc":{"start":{"line":21,"column":29},"end":{"line":21,"column":78}},"type":"binary-expr","locations":[{"start":{"line":21,"column":29},"end":{"line":21,"column":43}},{"start":{"line":21,"column":47},"end":{"line":21,"column":78}}]},"2":{"loc":{"start":{"line":29,"column":9},"end":{"line":29,"column":47}},"type":"binary-expr","locations":[{"start":{"line":29,"column":9},"end":{"line":29,"column":40}},{"start":{"line":29,"column":44},"end":{"line":29,"column":47}}]},"3":{"loc":{"start":{"line":40,"column":9},"end":{"line":40,"column":51}},"type":"binary-expr","locations":[{"start":{"line":40,"column":9},"end":{"line":40,"column":42}},{"start":{"line":40,"column":46},"end":{"line":40,"column":51}}]}},"s":{"0":2,"1":15,"2":15,"3":15,"4":651,"5":15,"6":2,"7":2,"8":14,"9":14,"10":14,"11":14,"12":1002,"13":14,"14":14,"15":14,"16":14,"17":14,"18":652,"19":14,"20":2,"21":2,"22":11,"23":2,"24":2,"25":5,"26":5,"27":5,"28":5,"29":40,"30":5,"31":2},"f":{"0":15,"1":14,"2":11,"3":5,"4":40},"b":{"0":[14,6],"1":[14,6],"2":[11,1],"3":[5,0]}}
}
